[ 2016-10-06T03:32:55+08:00 ] 192.168.1.100 /user/login/Public/ThirdParty/jquery/jquery-1.8.3.min.js
INFO: [ app_init ] --START--
INFO: Run Behavior\BuildLiteBehavior [ RunTime:0.000155s ]
INFO: [ app_init ] --END-- [ RunTime:0.002141s ]
ERR: 无法加载模块:404

[ 2016-10-06T03:32:55+08:00 ] 192.168.1.100 /user/login/Public/ThirdParty/bootstrap-datetimepicker/css/bootstrap-datetimepicker.min.css
INFO: [ app_init ] --START--
INFO: Run Behavior\BuildLiteBehavior [ RunTime:0.000097s ]
INFO: [ app_init ] --END-- [ RunTime:0.002290s ]
ERR: 无法加载模块:404

[ 2016-10-06T03:32:55+08:00 ] 192.168.1.100 /user/login/Public/ThirdParty/bootstrap/css/bootstrap.min.css
INFO: [ app_init ] --START--
INFO: Run Behavior\BuildLiteBehavior [ RunTime:0.000123s ]
INFO: [ app_init ] --END-- [ RunTime:0.001313s ]
ERR: 无法加载模块:404

[ 2016-10-06T03:32:55+08:00 ] 192.168.1.100 /user/login/Public/ThirdParty/bootstrap-datetimepicker/js/locales/bootstrap-datetimepicker.zh-CN.js
INFO: [ app_init ] --START--
INFO: Run Behavior\BuildLiteBehavior [ RunTime:0.000084s ]
INFO: [ app_init ] --END-- [ RunTime:0.001719s ]
ERR: 无法加载模块:404

[ 2016-10-06T03:32:56+08:00 ] 192.168.1.100 /user/login/Public/ThirdParty/bootstrap-datetimepicker/js/bootstrap-datetimepicker.js
INFO: [ app_init ] --START--
INFO: Run Behavior\BuildLiteBehavior [ RunTime:0.000083s ]
INFO: [ app_init ] --END-- [ RunTime:0.001233s ]
ERR: 无法加载模块:404

[ 2016-10-06T03:32:56+08:00 ] 192.168.1.100 /user/login/Public/ThirdParty/bootstrap/js/bootstrap.min.js
INFO: [ app_init ] --START--
INFO: Run Behavior\BuildLiteBehavior [ RunTime:0.000085s ]
INFO: [ app_init ] --END-- [ RunTime:0.001120s ]
ERR: 无法加载模块:404

[ 2016-10-06T03:32:56+08:00 ] 192.168.1.100 /user/login/Public/ThirdParty/bootstrap-datetimepicker/js/bootstrap-datetimepicker.js
INFO: [ app_init ] --START--
INFO: Run Behavior\BuildLiteBehavior [ RunTime:0.000093s ]
INFO: [ app_init ] --END-- [ RunTime:0.001103s ]
ERR: 无法加载模块:404

[ 2016-10-06T03:32:56+08:00 ] 192.168.1.100 /user/login/Public/ThirdParty/bootstrap-datetimepicker/js/locales/bootstrap-datetimepicker.zh-CN.js
INFO: [ app_init ] --START--
INFO: Run Behavior\BuildLiteBehavior [ RunTime:0.000085s ]
INFO: [ app_init ] --END-- [ RunTime:0.001098s ]
ERR: 无法加载模块:404

[ 2016-10-06T03:36:14+08:00 ] 192.168.1.100 /user/login/Public/ThirdParty/bootstrap/css/bootstrap.min.css
INFO: [ app_init ] --START--
INFO: Run Behavior\BuildLiteBehavior [ RunTime:0.000090s ]
INFO: [ app_init ] --END-- [ RunTime:0.001144s ]
ERR: 无法加载模块:404

[ 2016-10-06T03:36:14+08:00 ] 192.168.1.100 /user/login/Public/ThirdParty/bootstrap-datetimepicker/css/bootstrap-datetimepicker.min.css
INFO: [ app_init ] --START--
INFO: Run Behavior\BuildLiteBehavior [ RunTime:0.000094s ]
INFO: [ app_init ] --END-- [ RunTime:0.001317s ]
ERR: 无法加载模块:404

[ 2016-10-06T03:36:14+08:00 ] 192.168.1.100 /user/login/Public/ThirdParty/jquery/jquery-1.8.3.min.js
INFO: [ app_init ] --START--
INFO: Run Behavior\BuildLiteBehavior [ RunTime:0.000082s ]
INFO: [ app_init ] --END-- [ RunTime:0.001030s ]
ERR: 无法加载模块:404

[ 2016-10-06T03:36:15+08:00 ] 192.168.1.100 /user/login/Public/ThirdParty/bootstrap/js/bootstrap.min.js
INFO: [ app_init ] --START--
INFO: Run Behavior\BuildLiteBehavior [ RunTime:0.000084s ]
INFO: [ app_init ] --END-- [ RunTime:0.001286s ]
ERR: 无法加载模块:404

[ 2016-10-06T03:36:15+08:00 ] 192.168.1.100 /user/login/Public/ThirdParty/bootstrap-datetimepicker/js/bootstrap-datetimepicker.js
INFO: [ app_init ] --START--
INFO: Run Behavior\BuildLiteBehavior [ RunTime:0.000086s ]
INFO: [ app_init ] --END-- [ RunTime:0.001138s ]
ERR: 无法加载模块:404

[ 2016-10-06T03:36:15+08:00 ] 192.168.1.100 /user/login/Public/ThirdParty/bootstrap-datetimepicker/js/locales/bootstrap-datetimepicker.zh-CN.js
INFO: [ app_init ] --START--
INFO: Run Behavior\BuildLiteBehavior [ RunTime:0.000085s ]
INFO: [ app_init ] --END-- [ RunTime:0.001260s ]
ERR: 无法加载模块:404

[ 2016-10-06T03:36:15+08:00 ] 192.168.1.100 /user/login/Public/ThirdParty/jquery/jquery-1.8.3.min.js
INFO: [ app_init ] --START--
INFO: Run Behavior\BuildLiteBehavior [ RunTime:0.000083s ]
INFO: [ app_init ] --END-- [ RunTime:0.001333s ]
ERR: 无法加载模块:404

[ 2016-10-06T03:36:17+08:00 ] 192.168.1.100 /user/login/Public/ThirdParty/bootstrap/js/bootstrap.min.js
INFO: [ app_init ] --START--
INFO: Run Behavior\BuildLiteBehavior [ RunTime:0.000084s ]
INFO: [ app_init ] --END-- [ RunTime:0.001079s ]
ERR: 无法加载模块:404

[ 2016-10-06T03:36:17+08:00 ] 192.168.1.100 /user/login/Public/ThirdParty/bootstrap-datetimepicker/js/bootstrap-datetimepicker.js
INFO: [ app_init ] --START--
INFO: Run Behavior\BuildLiteBehavior [ RunTime:0.000087s ]
INFO: [ app_init ] --END-- [ RunTime:0.001151s ]
ERR: 无法加载模块:404

[ 2016-10-06T03:36:17+08:00 ] 192.168.1.100 /user/login/Public/ThirdParty/bootstrap-datetimepicker/js/locales/bootstrap-datetimepicker.zh-CN.js
INFO: [ app_init ] --START--
INFO: Run Behavior\BuildLiteBehavior [ RunTime:0.000114s ]
INFO: [ app_init ] --END-- [ RunTime:0.001517s ]
ERR: 无法加载模块:404

[ 2016-10-06T03:36:17+08:00 ] 192.168.1.100 /favicon.ico
INFO: [ app_init ] --START--
INFO: Run Behavior\BuildLiteBehavior [ RunTime:0.000082s ]
INFO: [ app_init ] --END-- [ RunTime:0.001120s ]
ERR: 无法加载模块:404

[ 2016-10-06T03:36:27+08:00 ] 192.168.1.100 /user/login/Public/ThirdParty/bootstrap-datetimepicker/css/bootstrap-datetimepicker.min.css
INFO: [ app_init ] --START--
INFO: Run Behavior\BuildLiteBehavior [ RunTime:0.000083s ]
INFO: [ app_init ] --END-- [ RunTime:0.001071s ]
ERR: 无法加载模块:404

[ 2016-10-06T03:36:27+08:00 ] 192.168.1.100 /user/login/Public/ThirdParty/bootstrap/css/bootstrap.min.css
INFO: [ app_init ] --START--
INFO: Run Behavior\BuildLiteBehavior [ RunTime:0.000183s ]
INFO: [ app_init ] --END-- [ RunTime:0.002215s ]
ERR: 无法加载模块:404

[ 2016-10-06T03:42:11+08:00 ] 192.168.1.100 /user/login/Public/ThirdParty/bootstrap/css/bootstrap.min.css
INFO: [ app_init ] --START--
INFO: Run Behavior\BuildLiteBehavior [ RunTime:0.000086s ]
INFO: [ app_init ] --END-- [ RunTime:0.001160s ]
ERR: 无法加载模块:404

[ 2016-10-06T03:42:11+08:00 ] 192.168.1.100 /user/login/Public/ThirdParty/bootstrap-datetimepicker/css/bootstrap-datetimepicker.min.css
INFO: [ app_init ] --START--
INFO: Run Behavior\BuildLiteBehavior [ RunTime:0.000084s ]
INFO: [ app_init ] --END-- [ RunTime:0.001728s ]
ERR: 无法加载模块:404

[ 2016-10-06T03:42:11+08:00 ] 192.168.1.100 /user/login/Public/ThirdParty/jquery/jquery-1.8.3.min.js
INFO: [ app_init ] --START--
INFO: Run Behavior\BuildLiteBehavior [ RunTime:0.000136s ]
INFO: [ app_init ] --END-- [ RunTime:0.004173s ]
ERR: 无法加载模块:404

[ 2016-10-06T03:42:12+08:00 ] 192.168.1.100 /user/login/Public/ThirdParty/bootstrap/js/bootstrap.min.js
INFO: [ app_init ] --START--
INFO: Run Behavior\BuildLiteBehavior [ RunTime:0.000079s ]
INFO: [ app_init ] --END-- [ RunTime:0.000939s ]
ERR: 无法加载模块:404

[ 2016-10-06T03:42:12+08:00 ] 192.168.1.100 /user/login/Public/ThirdParty/bootstrap-datetimepicker/js/bootstrap-datetimepicker.js
INFO: [ app_init ] --START--
INFO: Run Behavior\BuildLiteBehavior [ RunTime:0.000090s ]
INFO: [ app_init ] --END-- [ RunTime:0.001913s ]
ERR: 无法加载模块:404

[ 2016-10-06T03:42:12+08:00 ] 192.168.1.100 /user/login/Public/ThirdParty/bootstrap-datetimepicker/js/locales/bootstrap-datetimepicker.zh-CN.js
INFO: [ app_init ] --START--
INFO: Run Behavior\BuildLiteBehavior [ RunTime:0.000131s ]
INFO: [ app_init ] --END-- [ RunTime:0.001748s ]
ERR: 无法加载模块:404

