[ 2016-10-20T02:37:14+08:00 ] 192.168.1.28 /user/login/index.html
INFO: [ app_init ] --START--
INFO: Run Behavior\BuildLiteBehavior [ RunTime:0.000208s ]
INFO: [ app_init ] --END-- [ RunTime:0.015751s ]
INFO: [ app_begin ] --START--
INFO: Run Behavior\ReadHtmlCacheBehavior [ RunTime:0.011946s ]
INFO: [ app_begin ] --END-- [ RunTime:0.012449s ]
INFO: [ view_filter ] --START--
INFO: Run Behavior\WriteHtmlCacheBehavior [ RunTime:0.017849s ]
INFO: [ view_filter ] --END-- [ RunTime:0.019559s ]
INFO: [ app_end ] --START--
INFO: Run Behavior\ShowPageTraceBehavior [ RunTime:0.014712s ]
INFO: [ app_end ] --END-- [ RunTime:0.015845s ]

[ 2016-10-20T02:38:36+08:00 ] 192.168.1.28 /user/login/index.html
INFO: [ app_init ] --START--
INFO: Run Behavior\BuildLiteBehavior [ RunTime:0.000263s ]
INFO: [ app_init ] --END-- [ RunTime:0.002502s ]
INFO: [ app_begin ] --START--
INFO: Run Behavior\ReadHtmlCacheBehavior [ RunTime:0.001940s ]
INFO: [ app_begin ] --END-- [ RunTime:0.002534s ]
INFO: [ view_filter ] --START--
INFO: Run Behavior\WriteHtmlCacheBehavior [ RunTime:0.000781s ]
INFO: [ view_filter ] --END-- [ RunTime:0.001319s ]
INFO: [ app_end ] --START--
INFO: Run Behavior\ShowPageTraceBehavior [ RunTime:0.001556s ]
INFO: [ app_end ] --END-- [ RunTime:0.001994s ]

[ 2016-10-20T02:39:49+08:00 ] 192.168.1.28 /user/login/index.html
INFO: [ app_init ] --START--
INFO: Run Behavior\BuildLiteBehavior [ RunTime:0.000089s ]
INFO: [ app_init ] --END-- [ RunTime:0.004547s ]
INFO: [ app_begin ] --START--
INFO: Run Behavior\ReadHtmlCacheBehavior [ RunTime:0.005120s ]
INFO: [ app_begin ] --END-- [ RunTime:0.005525s ]
INFO: [ view_filter ] --START--
INFO: Run Behavior\WriteHtmlCacheBehavior [ RunTime:0.004876s ]
INFO: [ view_filter ] --END-- [ RunTime:0.005296s ]
INFO: [ app_end ] --START--
INFO: Run Behavior\ShowPageTraceBehavior [ RunTime:0.005305s ]
INFO: [ app_end ] --END-- [ RunTime:0.005775s ]

[ 2016-10-20T02:39:52+08:00 ] 192.168.1.28 /user/login/index.html
INFO: [ app_init ] --START--
INFO: Run Behavior\BuildLiteBehavior [ RunTime:0.000079s ]
INFO: [ app_init ] --END-- [ RunTime:0.001206s ]
INFO: [ app_begin ] --START--
INFO: Run Behavior\ReadHtmlCacheBehavior [ RunTime:0.000823s ]
INFO: [ app_begin ] --END-- [ RunTime:0.001150s ]
INFO: [ view_filter ] --START--
INFO: Run Behavior\WriteHtmlCacheBehavior [ RunTime:0.000667s ]
INFO: [ view_filter ] --END-- [ RunTime:0.001032s ]
INFO: [ app_end ] --START--
INFO: Run Behavior\ShowPageTraceBehavior [ RunTime:0.000922s ]
INFO: [ app_end ] --END-- [ RunTime:0.001231s ]

[ 2016-10-20T02:40:07+08:00 ] 192.168.1.28 /user/login/index.html
INFO: [ app_init ] --START--
INFO: Run Behavior\BuildLiteBehavior [ RunTime:0.000063s ]
INFO: [ app_init ] --END-- [ RunTime:0.001024s ]
INFO: [ app_begin ] --START--
INFO: Run Behavior\ReadHtmlCacheBehavior [ RunTime:0.000965s ]
INFO: [ app_begin ] --END-- [ RunTime:0.001480s ]
INFO: [ view_filter ] --START--
INFO: Run Behavior\WriteHtmlCacheBehavior [ RunTime:0.000554s ]
INFO: [ view_filter ] --END-- [ RunTime:0.000879s ]
INFO: [ app_end ] --START--
INFO: Run Behavior\ShowPageTraceBehavior [ RunTime:0.001944s ]
INFO: [ app_end ] --END-- [ RunTime:0.002336s ]

[ 2016-10-20T02:41:01+08:00 ] 192.168.1.28 /user/login/index.html
INFO: [ app_init ] --START--
INFO: Run Behavior\BuildLiteBehavior [ RunTime:0.000061s ]
INFO: [ app_init ] --END-- [ RunTime:0.000985s ]
INFO: [ app_begin ] --START--
INFO: Run Behavior\ReadHtmlCacheBehavior [ RunTime:0.000813s ]
INFO: [ app_begin ] --END-- [ RunTime:0.001206s ]
INFO: [ view_filter ] --START--
INFO: Run Behavior\WriteHtmlCacheBehavior [ RunTime:0.000592s ]
INFO: [ view_filter ] --END-- [ RunTime:0.000944s ]
INFO: [ app_end ] --START--
INFO: Run Behavior\ShowPageTraceBehavior [ RunTime:0.000757s ]
INFO: [ app_end ] --END-- [ RunTime:0.001234s ]

[ 2016-10-20T03:56:25+08:00 ] 192.168.1.28 /user/login/index.html
INFO: [ app_init ] --START--
INFO: Run Behavior\BuildLiteBehavior [ RunTime:0.000117s ]
INFO: [ app_init ] --END-- [ RunTime:0.004863s ]
INFO: [ app_begin ] --START--
INFO: Run Behavior\ReadHtmlCacheBehavior [ RunTime:0.004784s ]
INFO: [ app_begin ] --END-- [ RunTime:0.005273s ]

[ 2016-10-20T03:56:48+08:00 ] 192.168.1.28 /user/login/index.html
INFO: [ app_init ] --START--
INFO: Run Behavior\BuildLiteBehavior [ RunTime:0.000118s ]
INFO: [ app_init ] --END-- [ RunTime:0.001620s ]
INFO: [ app_begin ] --START--
INFO: Run Behavior\ReadHtmlCacheBehavior [ RunTime:0.001184s ]
INFO: [ app_begin ] --END-- [ RunTime:0.001638s ]
SQL: SHOW COLUMNS FROM `lang` [ RunTime:0.0029s ]
SQL: SELECT * FROM `lang`  [ RunTime:0.0008s ]
INFO: [ view_filter ] --START--
INFO: Run Behavior\WriteHtmlCacheBehavior [ RunTime:0.004521s ]
INFO: [ view_filter ] --END-- [ RunTime:0.005034s ]
INFO: [ app_end ] --START--
INFO: Run Behavior\ShowPageTraceBehavior [ RunTime:0.005254s ]
INFO: [ app_end ] --END-- [ RunTime:0.005759s ]

[ 2016-10-20T05:38:00+08:00 ] 192.168.1.5 /user/login/index.html
INFO: [ app_init ] --START--
INFO: Run Behavior\BuildLiteBehavior [ RunTime:0.000169s ]
INFO: [ app_init ] --END-- [ RunTime:0.029624s ]
INFO: [ app_begin ] --START--
INFO: Run Behavior\ReadHtmlCacheBehavior [ RunTime:0.027112s ]
INFO: [ app_begin ] --END-- [ RunTime:0.027801s ]
SQL: SHOW COLUMNS FROM `lang` [ RunTime:0.0020s ]
SQL: SELECT * FROM `lang`  [ RunTime:0.0006s ]
INFO: [ view_filter ] --START--
INFO: Run Behavior\WriteHtmlCacheBehavior [ RunTime:0.041977s ]
INFO: [ view_filter ] --END-- [ RunTime:0.042399s ]
INFO: [ app_end ] --START--
INFO: Run Behavior\ShowPageTraceBehavior [ RunTime:0.021926s ]
INFO: [ app_end ] --END-- [ RunTime:0.022631s ]

